<?xml version="1.0" encoding="UTF-8"?>
<!-- Generated by org.testng.reporters.JUnitReportReporter -->
<testsuite skipped="0" hostname="King1980" name="com.leafBot.testcases.TC001_CreateLead" tests="2" failures="0" timestamp="11 Nov 2019 07:10:02 GMT" time="38.588" errors="0">
  <testcase name="runTC001" time="23.417" classname="com.leafBot.testcases.TC001_CreateLead"/>
  <testcase name="runTC001" time="15.171" classname="com.leafBot.testcases.TC001_CreateLead"/>
</testsuite> <!-- com.leafBot.testcases.TC001_CreateLead -->
